# JRE version: Java(TM) SE Runtime Environment (8.0_66-b18) (build 1.8.0_66-b18)
# Java VM: Java HotSpot(TM) 64-Bit Server VM (25.66-b18 mixed mode windows-amd64 compressed oops)
Heap:
 PSYoungGen      total 195584K, used 6712K [0x00000000d7580000, 0x00000000e5f80000, 0x0000000100000000)
  eden space 181760K, 3% used [0x00000000d7580000,0x00000000d7c0e070,0x00000000e2700000)
  from space 13824K, 0% used [0x00000000e3400000,0x00000000e3400000,0x00000000e4180000)
  to   space 13312K, 0% used [0x00000000e2700000,0x00000000e2700000,0x00000000e3400000)
 ParOldGen       total 77312K, used 12329K [0x0000000086000000, 0x000000008ab80000, 0x00000000d7580000)
  object space 77312K, 15% used [0x0000000086000000,0x0000000086c0a668,0x000000008ab80000)
 Metaspace       used 35119K, capacity 35486K, committed 35672K, reserved 1081344K
  class space    used 4439K, capacity 4509K, committed 4608K, reserved 1048576K
GC Heap History (10 events):
Event: 4.359 GC heap before
{Heap before GC invocations=6 (full 0):
 PSYoungGen      total 67584K, used 56934K [0x00000000d7580000, 0x00000000e0080000, 0x0000000100000000)
  eden space 62464K, 82% used [0x00000000d7580000,0x00000000da821158,0x00000000db280000)
  from space 5120K, 99% used [0x00000000db280000,0x00000000db7788f8,0x00000000db780000)
  to   space 8704K, 0% used [0x00000000df800000,0x00000000df800000,0x00000000e0080000)
 ParOldGen       total 83456K, used 4302K [0x0000000086000000, 0x000000008b180000, 0x00000000d7580000)
  object space 83456K, 5% used [0x0000000086000000,0x0000000086433a08,0x000000008b180000)
 Metaspace       used 20965K, capacity 21208K, committed 21248K, reserved 1069056K
  class space    used 2478K, capacity 2556K, committed 2560K, reserved 1048576K
Event: 4.374 GC heap after
Heap after GC invocations=6 (full 0):
 PSYoungGen      total 131584K, used 8702K [0x00000000d7580000, 0x00000000e0480000, 0x0000000100000000)
  eden space 122880K, 0% used [0x00000000d7580000,0x00000000d7580000,0x00000000ded80000)
  from space 8704K, 99% used [0x00000000df800000,0x00000000e007fbd8,0x00000000e0080000)
  to   space 10752K, 0% used [0x00000000ded80000,0x00000000ded80000,0x00000000df800000)
 ParOldGen       total 83456K, used 5530K [0x0000000086000000, 0x000000008b180000, 0x00000000d7580000)
  object space 83456K, 6% used [0x0000000086000000,0x0000000086566848,0x000000008b180000)
 Metaspace       used 20965K, capacity 21208K, committed 21248K, reserved 1069056K
  class space    used 2478K, capacity 2556K, committed 2560K, reserved 1048576K
}
Event: 4.374 GC heap before
{Heap before GC invocations=7 (full 1):
 PSYoungGen      total 131584K, used 8702K [0x00000000d7580000, 0x00000000e0480000, 0x0000000100000000)
  eden space 122880K, 0% used [0x00000000d7580000,0x00000000d7580000,0x00000000ded80000)
  from space 8704K, 99% used [0x00000000df800000,0x00000000e007fbd8,0x00000000e0080000)
  to   space 10752K, 0% used [0x00000000ded80000,0x00000000ded80000,0x00000000df800000)
 ParOldGen       total 83456K, used 5530K [0x0000000086000000, 0x000000008b180000, 0x00000000d7580000)
  object space 83456K, 6% used [0x0000000086000000,0x0000000086566848,0x000000008b180000)
 Metaspace       used 20965K, capacity 21208K, committed 21248K, reserved 1069056K
  class space    used 2478K, capacity 2556K, committed 2560K, reserved 1048576K
Event: 4.523 GC heap after
Heap after GC invocations=7 (full 1):
 PSYoungGen      total 131584K, used 0K [0x00000000d7580000, 0x00000000e0480000, 0x0000000100000000)
  eden space 122880K, 0% used [0x00000000d7580000,0x00000000d7580000,0x00000000ded80000)
  from space 8704K, 0% used [0x00000000df800000,0x00000000df800000,0x00000000e0080000)
  to   space 10752K, 0% used [0x00000000ded80000,0x00000000ded80000,0x00000000df800000)
 ParOldGen       total 59904K, used 11048K [0x0000000086000000, 0x0000000089a80000, 0x00000000d7580000)
  object space 59904K, 18% used [0x0000000086000000,0x0000000086aca2c0,0x0000000089a80000)
 Metaspace       used 20965K, capacity 21208K, committed 21248K, reserved 1069056K
  class space    used 2478K, capacity 2556K, committed 2560K, reserved 1048576K
}
Event: 7.170 GC heap before
{Heap before GC invocations=8 (full 1):
 PSYoungGen      total 131584K, used 122880K [0x00000000d7580000, 0x00000000e0480000, 0x0000000100000000)
  eden space 122880K, 100% used [0x00000000d7580000,0x00000000ded80000,0x00000000ded80000)
  from space 8704K, 0% used [0x00000000df800000,0x00000000df800000,0x00000000e0080000)
  to   space 10752K, 0% used [0x00000000ded80000,0x00000000ded80000,0x00000000df800000)
 ParOldGen       total 59904K, used 11048K [0x0000000086000000, 0x0000000089a80000, 0x00000000d7580000)
  object space 59904K, 18% used [0x0000000086000000,0x0000000086aca2c0,0x0000000089a80000)
 Metaspace       used 33541K, capacity 33894K, committed 34048K, reserved 1079296K
  class space    used 4254K, capacity 4345K, committed 4352K, reserved 1048576K
Event: 7.190 GC heap after
Heap after GC invocations=8 (full 1):
 PSYoungGen      total 133632K, used 10728K [0x00000000d7580000, 0x00000000e4180000, 0x0000000100000000)
  eden space 122880K, 0% used [0x00000000d7580000,0x00000000d7580000,0x00000000ded80000)
  from space 10752K, 99% used [0x00000000ded80000,0x00000000df7fa020,0x00000000df800000)
  to   space 13824K, 0% used [0x00000000e3400000,0x00000000e3400000,0x00000000e4180000)
 ParOldGen       total 59904K, used 13918K [0x0000000086000000, 0x0000000089a80000, 0x00000000d7580000)
  object space 59904K, 23% used [0x0000000086000000,0x0000000086d97b20,0x0000000089a80000)
 Metaspace       used 33541K, capacity 33894K, committed 34048K, reserved 1079296K
  class space    used 4254K, capacity 4345K, committed 4352K, reserved 1048576K
}
Event: 7.711 GC heap before
{Heap before GC invocations=9 (full 1):
 PSYoungGen      total 133632K, used 41981K [0x00000000d7580000, 0x00000000e4180000, 0x0000000100000000)
  eden space 122880K, 25% used [0x00000000d7580000,0x00000000d9405488,0x00000000ded80000)
  from space 10752K, 99% used [0x00000000ded80000,0x00000000df7fa020,0x00000000df800000)
  to   space 13824K, 0% used [0x00000000e3400000,0x00000000e3400000,0x00000000e4180000)
 ParOldGen       total 59904K, used 13918K [0x0000000086000000, 0x0000000089a80000, 0x00000000d7580000)
  object space 59904K, 23% used [0x0000000086000000,0x0000000086d97b20,0x0000000089a80000)
 Metaspace       used 34902K, capacity 35230K, committed 35416K, reserved 1081344K
  class space    used 4424K, capacity 4509K, committed 4608K, reserved 1048576K
Event: 7.906 GC heap after
Heap after GC invocations=9 (full 1):
 PSYoungGen      total 195584K, used 6089K [0x00000000d7580000, 0x00000000e5f80000, 0x0000000100000000)
  eden space 181760K, 0% used [0x00000000d7580000,0x00000000d7580000,0x00000000e2700000)
  from space 13824K, 44% used [0x00000000e3400000,0x00000000e39f2648,0x00000000e4180000)
  to   space 13312K, 0% used [0x00000000e2700000,0x00000000e2700000,0x00000000e3400000)
 ParOldGen       total 59904K, used 13918K [0x0000000086000000, 0x0000000089a80000, 0x00000000d7580000)
  object space 59904K, 23% used [0x0000000086000000,0x0000000086d97b20,0x0000000089a80000)
 Metaspace       used 34902K, capacity 35230K, committed 35416K, reserved 1081344K
  class space    used 4424K, capacity 4509K, committed 4608K, reserved 1048576K
}
Event: 7.906 GC heap before
{Heap before GC invocations=10 (full 2):
 PSYoungGen      total 195584K, used 6089K [0x00000000d7580000, 0x00000000e5f80000, 0x0000000100000000)
  eden space 181760K, 0% used [0x00000000d7580000,0x00000000d7580000,0x00000000e2700000)
  from space 13824K, 44% used [0x00000000e3400000,0x00000000e39f2648,0x00000000e4180000)
  to   space 13312K, 0% used [0x00000000e2700000,0x00000000e2700000,0x00000000e3400000)
 ParOldGen       total 59904K, used 13918K [0x0000000086000000, 0x0000000089a80000, 0x00000000d7580000)
  object space 59904K, 23% used [0x0000000086000000,0x0000000086d97b20,0x0000000089a80000)
 Metaspace       used 34902K, capacity 35230K, committed 35416K, reserved 1081344K
  class space    used 4424K, capacity 4509K, committed 4608K, reserved 1048576K
Event: 8.104 GC heap after
Heap after GC invocations=10 (full 2):
 PSYoungGen      total 195584K, used 0K [0x00000000d7580000, 0x00000000e5f80000, 0x0000000100000000)
  eden space 181760K, 0% used [0x00000000d7580000,0x00000000d7580000,0x00000000e2700000)
  from space 13824K, 0% used [0x00000000e3400000,0x00000000e3400000,0x00000000e4180000)
  to   space 13312K, 0% used [0x00000000e2700000,0x00000000e2700000,0x00000000e3400000)
 ParOldGen       total 77312K, used 12329K [0x0000000086000000, 0x000000008ab80000, 0x00000000d7580000)
  object space 77312K, 15% used [0x0000000086000000,0x0000000086c0a668,0x000000008ab80000)
 Metaspace       used 34902K, capacity 35230K, committed 35416K, reserved 1081344K
  class space    used 4424K, capacity 4509K, committed 4608K, reserved 1048576K
}

